2022-04-05 02:54:15,382 - payo | https://clips.twitch.tv/LachrymoseCalmShrimpCoolCat-EE5EQgWrfB_TfXV0/edit ~ (inc:15, avg:7.11, diff:2.11)
2022-04-05 02:54:30,587 - lcs | https://clips.twitch.tv/LuckySmoggyGrasshopperBudStar-XQfflCy6UbkkMdCQ/edit ~ (inc:12, avg:5.27, diff:2.28)
2022-04-05 02:55:03,465 - payo | https://clips.twitch.tv/SourLightOwlPermaSmug-A5GhGPal7CaNgQI7/edit ~ (inc:28, avg:10.95, diff:2.56)
2022-04-05 02:58:38,487 - lcs | https://clips.twitch.tv/TameNimbleStinkbugTBTacoLeft-Cn0EDeaETMOnj8Qg/edit ~ (inc:13, avg:6.79, diff:1.92)
2022-04-05 02:59:11,217 - payo | https://clips.twitch.tv/AlluringRudeEyeballWTRuck-vi84u6T-eLK-pFtC/edit ~ (inc:31, avg:15.61, diff:1.99)
2022-04-05 02:59:55,080 - payo | https://clips.twitch.tv/AmazonianVainBillPhilosoraptor-TeMerdddAmSLX8lt/edit ~ (inc:39, avg:20.51, diff:1.9)
2022-04-05 03:06:12,329 - lcs | https://clips.twitch.tv/PeppyAbrasiveAdminKreygasm-l4-8UD5aoCjpHt6U/edit ~ (inc:15, avg:7.87, diff:1.91)
2022-04-05 03:08:28,740 - payo | https://clips.twitch.tv/SucculentHeadstrongOrangeTwitchRPG-iefQSnGg2z8ydvUr/edit ~ (inc:30, avg:15.64, diff:1.92)
2022-04-05 03:09:14,962 - lcs | https://clips.twitch.tv/TenaciousResourcefulCoffeeYee-bSPITNIBDTP1RHfs/edit ~ (inc:17, avg:8.74, diff:1.95)
2022-04-05 03:10:47,775 - lcs | https://clips.twitch.tv/ClumsyCuriousMarjoramDatBoi-6pIvhaT-_mUxfPTB/edit ~ (inc:19, avg:9.43, diff:2.01)
2022-04-05 03:12:49,342 - payo | https://clips.twitch.tv/NurturingLightGerbilFrankerZ-JnF-ytimHeKMHlxK/edit ~ (inc:33, avg:16.62, diff:1.99)
2022-04-05 03:18:01,185 - imreallyimportant | https://clips.twitch.tv/BoldYummyVelociraptorPicoMause-X9FMnvfQrz5-_2rv/edit ~ (inc:12, avg:4.66, diff:2.58)
2022-04-05 03:19:15,067 - lcs | https://clips.twitch.tv/StrongKitschyPrariedogNononoCat-sbddL3QAhg7YRPV5/edit ~ (inc:12, avg:4.46, diff:2.69)
2022-04-05 03:21:33,827 - primecayes | https://clips.twitch.tv/ResourcefulEmpathicVanillaGOWSkull-z9f_7iUxsQwzlAEd/edit ~ (inc:18, avg:9.06, diff:1.99)
2022-04-05 03:23:49,792 - payo | https://clips.twitch.tv/GrossAuspiciousShieldArsonNoSexy-Qunwc62sj4Iqlflc/edit ~ (inc:12, avg:5.33, diff:2.25)
2022-04-05 03:25:58,211 - imreallyimportant | https://clips.twitch.tv/CogentAbrasiveCasettePMSTwin-KAKm9h18lCMoL6WG/edit ~ (inc:12, avg:3.12, diff:3.84)
2022-04-05 03:27:15,184 - payo | https://clips.twitch.tv/HelpfulSweetSalsifyBatChest-YeeD1VvEm6GHKKNA/edit ~ (inc:19, avg:9.8, diff:1.94)
2022-04-05 03:27:22,516 - imreallyimportant | https://clips.twitch.tv/DignifiedGlutenFreeGaurKappaRoss-vaGcPt_Mt_Hg-bVL/edit ~ (inc:13, avg:6.28, diff:2.07)
2022-04-05 03:28:18,149 - lcs | https://clips.twitch.tv/ExuberantPricklySaladPrimeMe-ZZPLVueyIzC_OEgr/edit ~ (inc:12, avg:5.07, diff:2.37)
2022-04-05 03:29:00,172 - lcs | https://clips.twitch.tv/ProudCrispyTurtleUncleNox-Th_5c-RWYrzoHivi/edit ~ (inc:25, avg:9.25, diff:2.7)
2022-04-05 03:29:06,827 - stardust | https://clips.twitch.tv/BlushingZealousCroissantNononoCat-Os6o_ZdyaRtLKgL8/edit ~ (inc:12, avg:5.26, diff:2.28)
2022-04-05 03:29:28,377 - payo | https://clips.twitch.tv/ObliviousPiercingSaladKeyboardCat-aRjdxve-ttQRDrra/edit ~ (inc:34, avg:16.52, diff:2.06)
2022-04-05 03:32:39,168 - lcs | https://clips.twitch.tv/ClumsyStormyVanillaAliens-IPwDFtU21Ms_-lvj/edit ~ (inc:24, avg:12.07, diff:1.99)
2022-04-05 03:36:32,431 - imreallyimportant | https://clips.twitch.tv/ExquisiteExpensiveLobsterBrokeBack-mswhqviK9e8lJB5v/edit ~ (inc:14, avg:7.13, diff:1.96)
2022-04-05 03:39:11,022 - lcs | https://clips.twitch.tv/KnottyBeautifulClipzOptimizePrime-4FmNi4yFtqcPRo9t/edit ~ (inc:21, avg:10.7, diff:1.96)
2022-04-05 03:42:10,920 - primecayes | https://clips.twitch.tv/LitigiousAmazonianDonutCoolCat-ef032_9_Q4LDR0e_/edit ~ (inc:15, avg:7.78, diff:1.93)
2022-04-05 03:42:54,882 - primecayes | https://clips.twitch.tv/WanderingCleanTruffleJonCarnage-f56aIvGVBOXGgX50/edit ~ (inc:16, avg:8.07, diff:1.98)
2022-04-05 03:43:01,283 - imreallyimportant | https://clips.twitch.tv/SourLovelyPhoneAliens-8WaICgRoRng70YL9/edit ~ (inc:14, avg:3.54, diff:3.96)
2022-04-05 03:47:06,484 - lcs | https://clips.twitch.tv/PoisedCloudyCurryRiPepperonis-bfdg0tRD2zombq6Q/edit ~ (inc:13, avg:6.76, diff:1.92)
2022-04-05 03:48:07,732 - imreallyimportant | https://clips.twitch.tv/PricklyAmazonianBaboonPJSalt-3dtcLHCYGKhaEQgV/edit ~ (inc:14, avg:7.25, diff:1.93)
2022-04-05 03:48:55,221 - imreallyimportant | https://clips.twitch.tv/IgnorantPopularPieSpicyBoy-uc0KXENnuA0keOgG/edit ~ (inc:15, avg:7.87, diff:1.91)
2022-04-05 03:53:31,513 - lcs | https://clips.twitch.tv/ClumsyPrettiestShieldSSSsss-Ql6D1wOLgxG2o9s8/edit ~ (inc:12, avg:4.83, diff:2.49)
2022-04-05 03:53:37,585 - xqcow | https://clips.twitch.tv/ShyBusyMomCorgiDerp-5A74pKhRts70v66X/edit ~ (inc:1101, avg:553.31, diff:1.99)
2022-04-05 03:57:57,958 - lcs | https://clips.twitch.tv/PeacefulDifficultAppleLeeroyJenkins-S7AwTy4EPswEwuql/edit ~ (inc:19, avg:9.78, diff:1.94)
2022-04-05 03:58:05,333 - imreallyimportant | https://clips.twitch.tv/PerfectViscousRatNononoCat-vVa7CgRtJlhp5nvw/edit ~ (inc:13, avg:6.63, diff:1.96)
2022-04-05 03:58:34,349 - primecayes | https://clips.twitch.tv/LuckyFitDragonflyBCouch-e71SQEhSvsRsLOnr/edit ~ (inc:16, avg:8.26, diff:1.94)
2022-04-05 04:01:46,073 - lcs | https://clips.twitch.tv/ConcernedEphemeralAlbatrossItsBoshyTime-LgVo1CRuVyxbkCVL/edit ~ (inc:24, avg:11.82, diff:2.03)
2022-04-05 04:05:45,097 - lcs | https://clips.twitch.tv/FunnyGoodBaguetteKappaClaus-fvBsdw3ESpD7Z6U4/edit ~ (inc:24, avg:12.58, diff:1.91)
2022-04-05 04:06:04,568 - imreallyimportant | https://clips.twitch.tv/CloudyPatientZucchiniDogFace-782C85FaG3vff2qe/edit ~ (inc:13, avg:4.32, diff:3.01)
2022-04-05 04:06:32,836 - lcs | https://clips.twitch.tv/BlindingMotionlessPizzaTwitchRaid-nxQBqmdt8-R9bS_4/edit ~ (inc:53, avg:20.32, diff:2.61)
2022-04-05 04:09:30,933 - primecayes | https://clips.twitch.tv/ProtectiveStrangeHippoOSfrog-6A7xhXQ0mEPyA7au/edit ~ (inc:14, avg:7.32, diff:1.91)
2022-04-05 04:09:39,213 - imreallyimportant | https://clips.twitch.tv/ResourcefulSnappyYamOpieOP-oOa4iUI_k-jTO-qZ/edit ~ (inc:14, avg:7.36, diff:1.9)
2022-04-05 04:13:38,570 - imreallyimportant | https://clips.twitch.tv/PricklyTransparentAnteaterPermaSmug-JTCQhv-Csocao_7a/edit ~ (inc:13, avg:6.84, diff:1.9)
2022-04-05 04:18:14,064 - imreallyimportant | https://clips.twitch.tv/GlutenFreeSmokyHippoGivePLZ-VLpr17KMZwfuFjPW/edit ~ (inc:12, avg:4.81, diff:2.5)
2022-04-05 04:21:40,733 - imreallyimportant | https://clips.twitch.tv/TawdryThankfulNuggetsPhilosoraptor-FLrDbnFAH4FQPK-x/edit ~ (inc:15, avg:7.88, diff:1.9)
2022-04-05 04:27:24,787 - imreallyimportant | https://clips.twitch.tv/AntsySpineyYakinikuHumbleLife-6xepLxIfwzzelAHv/edit ~ (inc:14, avg:5.32, diff:2.63)
2022-04-05 04:28:06,785 - imreallyimportant | https://clips.twitch.tv/ComfortableInventiveClipsdadOSkomodo-8DapnNKz9GGJqFnD/edit ~ (inc:16, avg:7.64, diff:2.1)
2022-04-05 04:31:31,577 - imreallyimportant | https://clips.twitch.tv/SmilingGiftedPizzaCorgiDerp-teT-eoRS32jggnbu/edit ~ (inc:17, avg:8.93, diff:1.9)
2022-04-05 04:37:17,479 - imreallyimportant | https://clips.twitch.tv/RockyFlaccidDeerThisIsSparta-kHviH0tQt1U_vaSA/edit ~ (inc:13, avg:6.25, diff:2.08)
2022-04-05 04:37:59,670 - imreallyimportant | https://clips.twitch.tv/ThankfulFantasticPangolinRiPepperonis-BQteLKvb5_aeSBsj/edit ~ (inc:22, avg:8.98, diff:2.45)
2022-04-05 04:58:23,863 - imreallyimportant | https://clips.twitch.tv/ToughSpicyDragonflyJebaited-U4ULhanruSp2sl7P/edit ~ (inc:13, avg:5.81, diff:2.24)
2022-04-05 05:35:15,136 - watchmeblink | https://clips.twitch.tv/InnocentEndearingFennelSuperVinlin-VT-emyc8NXffK_8E/edit ~ (inc:21, avg:9.12, diff:2.3)
2022-04-05 05:35:27,734 - wickedsupreme | https://clips.twitch.tv/LuckySpineyNuggetsKAPOW--Y_K75ySRIGRnXM6/edit ~ (inc:12, avg:6.25, diff:1.92)
2022-04-05 05:40:29,581 - gappyv | https://clips.twitch.tv/FrigidSlickLapwingSwiftRage-cSip9Ms0NdkFatE3/edit ~ (inc:17, avg:8.28, diff:2.05)
2022-04-05 05:43:53,031 - wickedsupreme | https://clips.twitch.tv/AlertRudeLocustJKanStyle-SgiNKxHS_rsr6QM6/edit ~ (inc:13, avg:5.39, diff:2.41)
2022-04-05 05:44:44,215 - gappyv | https://clips.twitch.tv/DrabGloriousPistachioNerfBlueBlaster-qs4s3ApVG5JWECIk/edit ~ (inc:35, avg:17.07, diff:2.05)
2022-04-05 05:55:02,404 - gappyv | https://clips.twitch.tv/DignifiedSpeedyMangoMVGame-nylyg67_D4WzBDav/edit ~ (inc:23, avg:10.3, diff:2.23)
2022-04-05 05:57:16,672 - gappyv | https://clips.twitch.tv/ShinyMushyLyrebirdDuDudu-ddHQP3AqzqCl4qfu/edit ~ (inc:38, avg:19.54, diff:1.95)
2022-04-05 05:57:44,894 - wickedsupreme | https://clips.twitch.tv/ShyBigBaconDancingBanana-ODcVhiF7M4ry4dwK/edit ~ (inc:13, avg:4.37, diff:2.97)
2022-04-05 06:11:17,207 - primecayes | https://clips.twitch.tv/PrettyMoldyCheesecakeHumbleLife-90ulOQOH6GuKWNdw/edit ~ (inc:19, avg:9.95, diff:1.91)
2022-04-05 06:11:25,282 - kyootbot | https://clips.twitch.tv/SparklyBlightedAsparagusPermaSmug-B8VIU8zCFAlQ4KHZ/edit ~ (inc:167, avg:80.33, diff:2.08)
2022-04-05 06:11:58,712 - gappyv | https://clips.twitch.tv/ObeseDarkPresidentFunRun-6UTXlFf4Pdo1Sb7n/edit ~ (inc:24, avg:12.55, diff:1.91)
2022-04-05 06:12:14,192 - jonzherka | https://clips.twitch.tv/HardImpossibleOilWOOP-GZ2VsMJNm-l4waJ5/edit ~ (inc:50, avg:25.54, diff:1.96)
2022-04-05 06:21:14,741 - primecayes | https://clips.twitch.tv/CarefulMoralNoodleBCouch-TsOtcYKaTcmG7u49/edit ~ (inc:17, avg:8.4, diff:2.02)
2022-04-05 06:21:38,896 - wickedsupreme | https://clips.twitch.tv/EnergeticAffluentMonkeyBigBrother-ggIJPj5gHcjqcu4z/edit ~ (inc:14, avg:7.08, diff:1.98)
2022-04-05 06:24:54,256 - jonzherka | https://clips.twitch.tv/RespectfulSpoopyPassionfruitRitzMitz-dEoMbdaej7hAX7S4/edit ~ (inc:27, avg:12.47, diff:2.16)
2022-04-05 06:26:26,849 - jonzherka | https://clips.twitch.tv/HappyCloudyNarwhalAsianGlow--7g_WncZOGgaz73i/edit ~ (inc:29, avg:14.18, diff:2.04)
2022-04-05 06:30:27,647 - primecayes | https://clips.twitch.tv/FurtiveTastyGaurUnSane-MWUCcrbwoBuEyLwf/edit ~ (inc:21, avg:10.93, diff:1.92)
2022-04-05 06:38:10,343 - wickedsupreme | https://clips.twitch.tv/SweetOddGoldfishOneHand-JSrrswbYoevLaXMP/edit ~ (inc:12, avg:5.6, diff:2.14)
2022-04-05 06:43:28,509 - kyootbot | https://clips.twitch.tv/PopularTameNuggetsMoreCowbell-OxFIxtwJrGzi1k1I/edit ~ (inc:93, avg:47.13, diff:1.97)
2022-04-05 06:50:44,263 - primecayes | https://clips.twitch.tv/FaintBashfulGorillaArsonNoSexy-pGBt1eeSSi2qLjvJ/edit ~ (inc:19, avg:9.66, diff:1.97)
2022-04-05 06:51:13,781 - jonzherka | https://clips.twitch.tv/CautiousInnocentPuddingTriHard-9BbPe6ef8ULdM0nx/edit ~ (inc:46, avg:21.82, diff:2.11)
2022-04-05 06:52:26,450 - wickedsupreme | [CLIP CREATE FAILED]: The Twitch API returns a server error ~ (inc:14, avg:7.14, diff:1.96)
2022-04-05 06:52:34,011 - gappyv | https://clips.twitch.tv/HyperColorfulRavenDerp-AgpdAwr-EvQUqJER/edit ~ (inc:22, avg:10.07, diff:2.18)
2022-04-05 06:53:28,083 - gappyv | https://clips.twitch.tv/DignifiedImpartialCockroachDoggo-YIWivhiWbJtGcCQi/edit ~ (inc:65, avg:17.91, diff:3.63)
2022-04-05 07:01:27,877 - jonzherka | https://clips.twitch.tv/AmazingHeartlessWebJonCarnage-PcbxbzTiS4fqjGAD/edit ~ (inc:47, avg:23.97, diff:1.96)
2022-04-05 07:02:13,639 - kyootbot | https://clips.twitch.tv/ConfidentCaringHeronArsonNoSexy-b5rlZ8APw9Iw2Ev6/edit ~ (inc:105, avg:55.02, diff:1.91)
2022-04-05 07:05:13,246 - primecayes | https://clips.twitch.tv/ArborealSpeedyTortoisePunchTrees-J7gw54JjIHMuboWY/edit ~ (inc:18, avg:8.99, diff:2.0)
2022-04-05 07:08:29,030 - primecayes | https://clips.twitch.tv/CreativeExcitedJamTheTarFu-81dIVwlvGsj1iHKn/edit ~ (inc:21, avg:10.96, diff:1.92)
2022-04-05 07:08:42,894 - gappyv | https://clips.twitch.tv/RelatedHungryBeanVoHiYo-wgO-0afLUP_QVfxN/edit ~ (inc:34, avg:15.03, diff:2.26)
2022-04-05 07:08:51,131 - kyootbot | https://clips.twitch.tv/SeductiveSlipperyAlfalfaKevinTurtle-Rx37_C_qXdVWkbSS/edit ~ (inc:160, avg:54.88, diff:2.92)
2022-04-05 07:14:03,944 - gappyv | https://clips.twitch.tv/EnthusiasticCourteousWombatMVGame-17vnV9PcbdQuh9yN/edit ~ (inc:24, avg:11.8, diff:2.03)
2022-04-05 07:14:34,873 - primecayes | https://clips.twitch.tv/RamshackleSmilingFloofThunBeast-Y_P08JXH6YwmHKzL/edit ~ (inc:21, avg:10.81, diff:1.94)
2022-04-05 07:15:43,971 - jonzherka | https://clips.twitch.tv/BlueKitschyBeefWOOP-LS8TykHEhxBmp8lq/edit ~ (inc:74, avg:37.95, diff:1.95)
2022-04-05 07:15:50,398 - kyootbot | https://clips.twitch.tv/TacitLivelyCheddarKeepo-jp6GRi2FFXLGjrCn/edit ~ (inc:155, avg:81.42, diff:1.9)
2022-04-05 07:16:04,665 - primecayes | https://clips.twitch.tv/DependableGorgeousLocustPeoplesChamp-NFcGu5i96e3HiLdD/edit ~ (inc:28, avg:13.93, diff:2.01)
2022-04-05 07:24:25,084 - gappyv | https://clips.twitch.tv/AssiduousSuperPancakeFreakinStinkin-eFX-QoIDEP2YptCC/edit ~ (inc:25, avg:13.09, diff:1.91)
2022-04-05 07:30:42,709 - primecayes | https://clips.twitch.tv/SingleKawaiiAniseRedCoat-k64TUnLX1rD58JCr/edit ~ (inc:22, avg:11.33, diff:1.94)
2022-04-05 07:32:23,388 - gappyv | https://clips.twitch.tv/DrabSpikySrirachaPMSTwin-D6D4HEwyBRXE-xEm/edit ~ (inc:26, avg:13.67, diff:1.9)
2022-04-05 07:35:16,187 - jonzherka | https://clips.twitch.tv/EagerTentativeBeaverMcaT-i96z67e_SOpQ_nVw/edit ~ (inc:33, avg:17.17, diff:1.92)
2022-04-05 07:46:25,025 - gappyv | https://clips.twitch.tv/FantasticPowerfulAsteriskAliens-pvgIkH4U-41iuthI/edit ~ (inc:17, avg:8.92, diff:1.91)
2022-04-05 07:48:18,990 - jonzherka | https://clips.twitch.tv/ScrumptiousShortPanDBstyle-g1WjB4zmV9DVu-sd/edit ~ (inc:36, avg:18.24, diff:1.97)
2022-04-05 07:53:36,487 - gappyv | https://clips.twitch.tv/FilthyOddHeronPMSTwin-O0PWwNydsOn6sLdg/edit ~ (inc:12, avg:6.22, diff:1.93)
2022-04-05 07:53:48,936 - jonzherka | https://clips.twitch.tv/AliveBlatantWatercressOSfrog-Xdd0iNyIjfZC3drv/edit ~ (inc:42, avg:20.92, diff:2.01)
2022-04-05 07:54:36,439 - gappyv | https://clips.twitch.tv/InventiveIgnorantArtichokeTooSpicy-ONg9EW7Fz27Bzr15/edit ~ (inc:20, avg:10.51, diff:1.9)
2022-04-05 07:57:32,986 - kyootbot | https://clips.twitch.tv/FunnySplendidOpossumMoreCowbell-bAkyg_Sq82Ycc7wK/edit ~ (inc:78, avg:39.21, diff:1.99)
2022-04-05 08:01:28,120 - primecayes | https://clips.twitch.tv/MuddyPoisedParrotChocolateRain-X_roGUMdrodxspBA/edit ~ (inc:23, avg:11.84, diff:1.94)
2022-04-05 08:04:10,921 - gappyv | https://clips.twitch.tv/SpeedyKathishSalmonUncleNox-PAFuxc8hc3Z6zjav/edit ~ (inc:13, avg:3.67, diff:3.55)
2022-04-05 08:08:53,770 - kyootbot | https://clips.twitch.tv/SaltyMistyDonkeyFunRun-ylAiNfVB4kxD5xs5/edit ~ (inc:77, avg:40.4, diff:1.91)
2022-04-05 08:09:47,839 - kyootbot | https://clips.twitch.tv/AmusedThoughtfulCobblerMingLee-eHqYDIkt2aSgEAEy/edit ~ (inc:159, avg:60.07, diff:2.65)
2022-04-05 08:11:13,571 - kyootbot | https://clips.twitch.tv/WanderingBovineCormorantPraiseIt-56uyJMYhh-Pt-rKL/edit ~ (inc:168, avg:86.66, diff:1.94)
2022-04-05 08:14:13,384 - gappyv | https://clips.twitch.tv/BreakableStylishWitchWoofer-oRMuXKBMZGvBLJhS/edit ~ (inc:12, avg:5.95, diff:2.02)
2022-04-05 08:19:17,594 - jonzherka | https://clips.twitch.tv/AffluentDirtyCheesecakeCclamChamp-cfwYmClFlAp3kZEe/edit ~ (inc:55, avg:27.01, diff:2.04)
2022-04-05 08:19:41,166 - primecayes | https://clips.twitch.tv/PlumpGlamorousCarrotWOOP-5H_BzzAg5I940p_i/edit ~ (inc:15, avg:7.85, diff:1.91)
2022-04-05 08:21:02,068 - gappyv | https://clips.twitch.tv/GracefulEnthusiasticSquidSquadGoals-oN7GB-A1VstAsULZ/edit ~ (inc:12, avg:4.94, diff:2.43)
2022-04-05 08:27:01,814 - jonzherka | https://clips.twitch.tv/ViscousTolerantHippoPanicVis-Q5DOGgaBdwnviWbJ/edit ~ (inc:78, avg:40.93, diff:1.91)
2022-04-05 08:34:43,895 - kyootbot | https://clips.twitch.tv/GloriousGentlePorpoiseKeyboardCat-YibqW5gzUk4xI1hZ/edit ~ (inc:63, avg:26.14, diff:2.41)
2022-04-05 08:35:02,467 - sondsol | https://clips.twitch.tv/CleanEphemeralWheelSpicyBoy-4cE2Gww-ywsxeooi/edit ~ (inc:12, avg:4.52, diff:2.66)
2022-04-05 08:35:10,524 - gappyv | https://clips.twitch.tv/MotionlessHeadstrongStinkbugVoteNay-c9XKsNWvvwxUy1_e/edit ~ (inc:17, avg:7.98, diff:2.13)
2022-04-05 08:35:18,732 - primecayes | https://clips.twitch.tv/BoringAcceptableElkChefFrank-XNf-C5_l8VyCmz-k/edit ~ (inc:19, avg:8.84, diff:2.15)
2022-04-05 08:35:26,397 - xqcow | https://clips.twitch.tv/HappySparklingTrayKeyboardCat-89j7tMJ1Hd1NI-Jl/edit ~ (inc:870, avg:422.77, diff:2.06)
2022-04-05 08:36:01,613 - kyootbot | https://clips.twitch.tv/QuaintAntediluvianAlfalfaPeteZaroll-ExbM3WL3GUCu_0m8/edit ~ (inc:149, avg:61.33, diff:2.43)
2022-04-05 08:36:22,289 - gappyv | https://clips.twitch.tv/PlainSpoopyPanPJSalt-Ami48SgbugUEkLU7/edit ~ (inc:25, avg:11.07, diff:2.26)
2022-04-05 08:36:56,420 - jonzherka | https://clips.twitch.tv/BigHelplessBoarBleedPurple-mPQDA8qL984VOmv6/edit ~ (inc:96, avg:50.45, diff:1.9)
2022-04-05 08:42:57,294 - primecayes | https://clips.twitch.tv/SparklyElatedCheeseFunRun-cAJ1pgONz2q8eUGv/edit ~ (inc:12, avg:5.75, diff:2.09)
2022-04-05 08:43:51,589 - primecayes | https://clips.twitch.tv/GenerousGorgeousPresidentKappaPride-V2HR3Aj88lkWAEaj/edit ~ (inc:23, avg:9.79, diff:2.35)
2022-04-05 08:44:14,676 - sondsol | https://clips.twitch.tv/GeniusBombasticTireWow-GAbSyil5-dd5kpOU/edit ~ (inc:12, avg:5.08, diff:2.36)
2022-04-05 08:55:31,003 - gappyv | https://clips.twitch.tv/SuperDrabSangFUNgineer-5fFxEpRcwLJy9nin/edit ~ (inc:25, avg:12.53, diff:2.0)
2022-04-05 09:02:17,501 - sondsol | https://clips.twitch.tv/IntelligentPoisedLobsterEleGiggle-4oLUAy8W98t6l8p2/edit ~ (inc:12, avg:2.04, diff:5.88)
2022-04-05 09:03:20,338 - jonzherka | https://clips.twitch.tv/HeadstrongPoliteWatermelonPogChamp-VdSA1gUer5MUDpXY/edit ~ (inc:44, avg:23.06, diff:1.91)
2022-04-05 09:06:19,808 - jonzherka | https://clips.twitch.tv/EmpathicLuckyPeppermintPrimeMe-TIXpT4C_mMn_cqIp/edit ~ (inc:75, avg:37.36, diff:2.01)
2022-04-05 09:07:26,108 - kyootbot | https://clips.twitch.tv/MistyDaintyAntelopeWTRuck-ztzIBaLcug2woUiw/edit ~ (inc:84, avg:43.76, diff:1.92)
2022-04-05 09:20:44,612 - xqcow | [CLIP CREATE FAILED]: {'error': 'Not Found', 'status': 404, 'message': 'Clipping is not possible for an offline channel.'} ~ (inc:39, avg:18.94, diff:2.06)
2022-04-05 09:28:59,534 - kyootbot | https://clips.twitch.tv/EnthusiasticRealSandpiperRuleFive-P18sw8sxUdbLRveF/edit ~ (inc:110, avg:49.58, diff:2.22)
2022-04-05 09:29:53,778 - kyootbot | https://clips.twitch.tv/CulturedBoxyOpossumGrammarKing-eafWKWFkmmqYUC8c/edit ~ (inc:179, avg:90.38, diff:1.98)
2022-04-05 09:41:22,400 - gappyv | https://clips.twitch.tv/PlumpTameReubenTinyFace-2H6WyigXszRDkh1C/edit ~ (inc:13, avg:6.16, diff:2.11)
2022-04-05 09:44:00,253 - gappyv | https://clips.twitch.tv/SourHealthyWoodpeckerStinkyCheese-fTNoALspX_a17y64/edit ~ (inc:15, avg:7.27, diff:2.06)
2022-04-05 09:53:11,065 - gappyv | https://clips.twitch.tv/BelovedObeseGorillaWTRuck-0ExNlK2ayLI79srs/edit ~ (inc:16, avg:7.99, diff:2.0)
2022-04-05 09:59:42,789 - gappyv | https://clips.twitch.tv/HeartlessPlumpApeSaltBae-AMACbDTiV_Ci-hTG/edit ~ (inc:13, avg:6.05, diff:2.15)
2022-04-05 10:00:37,150 - gappyv | https://clips.twitch.tv/DeafFineYakinikuHassanChop-sikyQqlVM8_lIBao/edit ~ (inc:28, avg:8.62, diff:3.25)
2022-04-05 10:09:50,587 - gappyv | https://clips.twitch.tv/ObliviousOutstandingChimpanzeeTakeNRG-4tz0eT1fzJIbrznP/edit ~ (inc:16, avg:8.35, diff:1.92)
2022-04-05 10:20:57,205 - gappyv | https://clips.twitch.tv/SteamyGorgeousPlumOSsloth-tXs9ktcNFJufaEZ2/edit ~ (inc:20, avg:10.17, diff:1.97)
2022-04-05 10:26:27,110 - xqcow | [CLIP CREATE FAILED]: {'error': 'Not Found', 'status': 404, 'message': 'Clipping is not possible for an offline channel.'} ~ (inc:26, avg:13.65, diff:1.91)
2022-04-05 10:43:31,519 - gappyv | https://clips.twitch.tv/IncredulousFitChinchillaEleGiggle-yrSWzbgM2ekdtBIp/edit ~ (inc:18, avg:7.99, diff:2.25)
2022-04-05 10:48:35,835 - kyootbot | https://clips.twitch.tv/AltruisticSoftGrasshopper4Head-e8Zu3Njq_exAmXq4/edit ~ (inc:91, avg:46.34, diff:1.96)
2022-04-05 10:48:47,075 - gappyv | https://clips.twitch.tv/ArborealFitZucchiniEagleEye-z0j3NW7V3lhaEbPk/edit ~ (inc:28, avg:13.55, diff:2.07)
2022-04-05 10:51:32,328 - gappyv | https://clips.twitch.tv/BlightedCogentCheesecakeSquadGoals-tmmIrFLX54n9DSxu/edit ~ (inc:37, avg:19.07, diff:1.94)
2022-04-05 11:02:53,906 - gappyv | https://clips.twitch.tv/SpikyCalmPartridgeYouWHY--yWyDlJV9wBqyIs2/edit ~ (inc:17, avg:8.66, diff:1.96)
2022-04-05 11:08:33,607 - gappyv | https://clips.twitch.tv/ZealousFurryDiamondUWot-HiG_j6PQGnk9go-8/edit ~ (inc:17, avg:8.04, diff:2.11)
2022-04-05 11:09:50,534 - xqcow | [CLIP CREATE FAILED]: {'error': 'Not Found', 'status': 404, 'message': 'Clipping is not possible for an offline channel.'} ~ (inc:35, avg:17.14, diff:2.04)
2022-04-05 11:39:21,430 - pokelawls | https://clips.twitch.tv/CourageousBashfulClipzTebowing-x1KHwsRk9hvZvNFi/edit ~ (inc:284, avg:143.95, diff:1.97)
2022-04-05 11:46:04,225 - heem | [CLIP CREATE FAILED]: {'error': 'Forbidden', 'status': 403, 'message': 'User does not have permissions to Clip on this channel.'} ~ (inc:12, avg:2.95, diff:4.07)
2022-04-05 11:54:53,571 - pokelawls | https://clips.twitch.tv/NaiveDifficultMangetoutWoofer-9TK0laD91-kUvj8N/edit ~ (inc:174, avg:91.33, diff:1.91)
2022-04-05 11:55:31,604 - pokelawls | https://clips.twitch.tv/ColorfulTangibleTarsierRedCoat-m9rNw_30SLj0NGwA/edit ~ (inc:271, avg:133.78, diff:2.03)
2022-04-05 12:01:13,293 - heem | [CLIP CREATE FAILED]: {'error': 'Forbidden', 'status': 403, 'message': 'User does not have permissions to Clip on this channel.'} ~ (inc:12, avg:4.56, diff:2.63)
2022-04-05 12:02:39,994 - graycen | https://clips.twitch.tv/ChillyHumbleGoshawkOSkomodo-p9mS230ilqz4SBHn/edit ~ (inc:13, avg:3.69, diff:3.53)
2022-04-05 12:04:27,592 - graycen | https://clips.twitch.tv/ShortQuaintFennelFunRun-dvD4ufVqtRgZc0cj/edit ~ (inc:15, avg:7.68, diff:1.95)
2022-04-05 12:10:38,356 - heem | [CLIP CREATE FAILED]: {'error': 'Forbidden', 'status': 403, 'message': 'User does not have permissions to Clip on this channel.'} ~ (inc:12, avg:5.2, diff:2.31)
2022-04-05 12:11:17,054 - cowsep | https://clips.twitch.tv/AgitatedTriangularPorpoiseLeeroyJenkins-aOauHXY2tuCcfwSA/edit ~ (inc:12, avg:4.71, diff:2.55)
2022-04-05 12:12:17,410 - pokelawls | https://clips.twitch.tv/SnappyFancyBurritoChocolateRain-qKjP8r8gPICK4ap6/edit ~ (inc:235, avg:114.74, diff:2.05)
2022-04-05 12:12:55,916 - heem | [CLIP CREATE FAILED]: {'error': 'Forbidden', 'status': 403, 'message': 'User does not have permissions to Clip on this channel.'} ~ (inc:14, avg:7.24, diff:1.93)
2022-04-05 12:30:45,246 - pokelawls | https://clips.twitch.tv/SmallPeppyJaguarSSSsss-0SHSt8Ar9oUo5JED/edit ~ (inc:245, avg:120.44, diff:2.03)
2022-04-05 12:31:23,747 - pokelawls | https://clips.twitch.tv/EvilStormyLobsterRitzMitz-1nP75YCmxMoF2x5w/edit ~ (inc:374, avg:194.42, diff:1.92)
2022-04-05 12:32:21,841 - graycen | https://clips.twitch.tv/SmoggyZanyGazelleTF2John-AzSgIH0W9ALqfJUL/edit ~ (inc:12, avg:6.23, diff:1.93)
2022-04-05 12:38:15,156 - graycen | https://clips.twitch.tv/HumbleSpikyAlligatorAMPEnergy-hNFh-VeKaCRTDr-k/edit ~ (inc:12, avg:4.98, diff:2.41)
2022-04-05 12:40:10,334 - pokelawls | https://clips.twitch.tv/SourFaithfulOxFrankerZ--LGIg03UV3vkCXLS/edit ~ (inc:160, avg:77.36, diff:2.07)
2022-04-05 12:43:18,675 - cowsep | https://clips.twitch.tv/RichEnjoyableTubersCoolStoryBob-x1O5O6Gt5GgxGBdS/edit ~ (inc:12, avg:5.74, diff:2.09)
2022-04-05 12:46:28,556 - pokelawls | https://clips.twitch.tv/UglyGlutenFreeWalrusMrDestructoid-BR7qyZ4wa59v3_Ue/edit ~ (inc:353, avg:182.99, diff:1.93)
2022-04-05 12:49:39,230 - graycen | https://clips.twitch.tv/LazyAdorableAppleTheRinger-A0T6wuFJtmQ_rM4p/edit ~ (inc:12, avg:5.82, diff:2.06)
2022-04-05 12:50:33,268 - graycen | https://clips.twitch.tv/AmazonianKawaiiPuppyTheRinger-jY8isboVdgRKHLAQ/edit ~ (inc:15, avg:7.88, diff:1.9)
2022-04-05 12:53:50,633 - graycen | https://clips.twitch.tv/TolerantFastBubbleteaNerfBlueBlaster-6SaUUBdZ3VDCUzOA/edit ~ (inc:14, avg:6.59, diff:2.13)
2022-04-05 12:54:41,817 - graycen | https://clips.twitch.tv/DullAdorableRadicchioShazBotstix-Y6ppeSD9sm1-JBpX/edit ~ (inc:17, avg:7.73, diff:2.2)
2022-04-05 13:00:14,779 - graycen | https://clips.twitch.tv/AbrasiveCheerfulRamenPartyTime-8ByyFBGNgsQI4-0y/edit ~ (inc:13, avg:6.65, diff:1.96)
2022-04-05 13:00:43,807 - pokelawls | https://clips.twitch.tv/CooperativeGrossReubenSoonerLater-2-XXPI8J7MY00yMq/edit ~ (inc:340, avg:177.07, diff:1.92)
2022-04-05 13:03:09,308 - graycen | https://clips.twitch.tv/ArborealGoldenOrangeTF2John-uszBpRf7iwjL9pgi/edit ~ (inc:16, avg:8.19, diff:1.95)
2022-04-05 13:05:11,139 - graycen | https://clips.twitch.tv/TardyFriendlyShieldNotLikeThis-dKxgo6vfZO_7FVO6/edit ~ (inc:14, avg:6.8, diff:2.06)
2022-04-05 13:06:46,986 - heem | [CLIP CREATE FAILED]: {'error': 'Forbidden', 'status': 403, 'message': 'User does not have permissions to Clip on this channel.'} ~ (inc:12, avg:5.34, diff:2.25)
2022-04-05 13:10:04,670 - graycen | https://clips.twitch.tv/AmorphousCrypticNigiriPartyTime-5dROgGBRAXqRQP3E/edit ~ (inc:12, avg:4.7, diff:2.55)
2022-04-05 13:13:25,249 - heem | [CLIP CREATE FAILED]: {'error': 'Forbidden', 'status': 403, 'message': 'User does not have permissions to Clip on this channel.'} ~ (inc:12, avg:6.08, diff:1.97)
2022-04-05 13:13:31,591 - pokelawls | https://clips.twitch.tv/DirtyAlertVelociraptorCoolStoryBro-NSOGf4BUfQm2JCyv/edit ~ (inc:424, avg:209.19, diff:2.03)
2022-04-05 13:24:08,592 - cowsep | https://clips.twitch.tv/StupidFurryBaguetteKappaWealth--aknFMy7D_IOo05J/edit ~ (inc:12, avg:3.12, diff:3.84)
2022-04-05 13:24:15,903 - graycen | https://clips.twitch.tv/TriumphantApatheticOryxDatSheffy-DyTXlAZM7OP4UEab/edit ~ (inc:14, avg:4.07, diff:3.44)
2022-04-05 13:27:16,217 - chaeiry | https://clips.twitch.tv/GleamingBusyDugongGingerPower-K_2pHuf163aBPC5F/edit ~ (inc:14, avg:3.69, diff:3.8)
2022-04-05 13:32:26,919 - chaeiry | https://clips.twitch.tv/AstuteSpookyMartenTwitchRPG-0dLzavoKGy8zXa7c/edit ~ (inc:12, avg:5.68, diff:2.11)
2022-04-05 13:33:15,264 - chaeiry | https://clips.twitch.tv/EsteemedDistinctMarjoram4Head-bMvRXqdxoFdW4fJY/edit ~ (inc:14, avg:7.27, diff:1.93)
2022-04-05 13:36:37,392 - pokelawls | https://clips.twitch.tv/WildSpunkyLEDSoonerLater-g0H4aPlj9UfRHIge/edit ~ (inc:125, avg:59.57, diff:2.1)
2022-04-05 13:37:38,511 - pokelawls | https://clips.twitch.tv/GrotesqueNaiveGarageCharlieBitMe-hI2KKBKwaZ5b-CeT/edit ~ (inc:151, avg:78.81, diff:1.92)
2022-04-05 13:41:17,734 - graycen | https://clips.twitch.tv/BigDeliciousOrangeGrammarKing-OGvHxTpwd3UuhKfN/edit ~ (inc:12, avg:5.21, diff:2.3)
2022-04-05 13:43:26,700 - heem | [CLIP CREATE FAILED]: {'error': 'Forbidden', 'status': 403, 'message': 'User does not have permissions to Clip on this channel.'} ~ (inc:13, avg:6.68, diff:1.95)
2022-04-05 13:46:29,185 - pokelawls | https://clips.twitch.tv/InterestingClearPigeonHoneyBadger-pY6JOq0sM0QBZVF4/edit ~ (inc:145, avg:71.02, diff:2.04)
2022-04-05 13:47:07,325 - pokelawls | https://clips.twitch.tv/HilariousCreativeRadicchioTwitchRPG-gOuOMRoxK7o77boS/edit ~ (inc:283, avg:119.93, diff:2.36)
2022-04-05 13:52:04,726 - heem | [CLIP CREATE FAILED]: {'error': 'Forbidden', 'status': 403, 'message': 'User does not have permissions to Clip on this channel.'} ~ (inc:12, avg:6.2, diff:1.93)
2022-04-05 13:56:08,522 - heem | [CLIP CREATE FAILED]: {'error': 'Forbidden', 'status': 403, 'message': 'User does not have permissions to Clip on this channel.'} ~ (inc:12, avg:6.06, diff:1.98)
2022-04-05 13:58:37,188 - pokelawls | https://clips.twitch.tv/AbstrusePlausibleTrayBibleThump-KUM8a1b5bcY0pvrO/edit ~ (inc:186, avg:95.74, diff:1.94)
2022-04-05 13:59:33,003 - pokelawls | https://clips.twitch.tv/KitschyAmazonianWolverineJebaited-irrU4UGeCD_17grK/edit ~ (inc:304, avg:153.84, diff:1.98)
2022-04-05 14:00:56,584 - cowsep | https://clips.twitch.tv/ObliqueBelovedSamosaFeelsBadMan-OjJpyRJA3ATlbRTz/edit ~ (inc:12, avg:4.02, diff:2.98)
2022-04-05 14:05:48,726 - heem | [CLIP CREATE FAILED]: {'error': 'Forbidden', 'status': 403, 'message': 'User does not have permissions to Clip on this channel.'} ~ (inc:18, avg:9.1, diff:1.98)
2022-04-05 14:17:54,408 - heem | [CLIP CREATE FAILED]: {'error': 'Forbidden', 'status': 403, 'message': 'User does not have permissions to Clip on this channel.'} ~ (inc:14, avg:5.93, diff:2.36)
2022-04-05 14:18:00,862 - pokelawls | https://clips.twitch.tv/ScrumptiousAmusedDootSMOrc-2H0LhvdCYKG6w4SZ/edit ~ (inc:208, avg:83.99, diff:2.48)
2022-04-05 14:22:04,197 - cowsep | https://clips.twitch.tv/HorribleAffluentSnailKippa-q6voXc_eg1pv6k8w/edit ~ (inc:12, avg:2.86, diff:4.2)
2022-04-05 14:22:10,219 - pokelawls | https://clips.twitch.tv/AltruisticCharmingJaySquadGoals-XwPxcLtRaLHtgN8u/edit ~ (inc:146, avg:76.05, diff:1.92)
2022-04-05 14:23:12,277 - heem | [CLIP CREATE FAILED]: {'error': 'Forbidden', 'status': 403, 'message': 'User does not have permissions to Clip on this channel.'} ~ (inc:12, avg:6.06, diff:1.98)
2022-04-05 14:25:36,257 - pokelawls | https://clips.twitch.tv/ShinyApatheticButterflyHeyGuys-I_HM_WUn13fvAWqh/edit ~ (inc:260, avg:135.75, diff:1.92)
2022-04-05 14:25:48,653 - cowsep | https://clips.twitch.tv/ThoughtfulDependableAsteriskKippa-p2-LZBy2DQzi4_V5/edit ~ (inc:12, avg:6.15, diff:1.95)
2022-04-05 14:30:44,739 - heem | [CLIP CREATE FAILED]: {'error': 'Forbidden', 'status': 403, 'message': 'User does not have permissions to Clip on this channel.'} ~ (inc:13, avg:6.51, diff:2.0)
2022-04-05 14:31:58,644 - graycen | https://clips.twitch.tv/PiliablePeacefulAntelope4Head-OHZPQNHZkYZhow0a/edit ~ (inc:12, avg:4.38, diff:2.74)
2022-04-05 14:37:08,311 - heem | [CLIP CREATE FAILED]: {'error': 'Forbidden', 'status': 403, 'message': 'User does not have permissions to Clip on this channel.'} ~ (inc:15, avg:7.21, diff:2.08)
2022-04-05 14:40:44,242 - heem | [CLIP CREATE FAILED]: {'error': 'Forbidden', 'status': 403, 'message': 'User does not have permissions to Clip on this channel.'} ~ (inc:21, avg:10.95, diff:1.92)
2022-04-05 14:44:18,985 - pokelawls | https://clips.twitch.tv/CovertCarelessIcecreamCeilingCat-e6_lVXtpCUiP5ICr/edit ~ (inc:278, avg:141.78, diff:1.96)
2022-04-05 14:45:38,663 - heem | [CLIP CREATE FAILED]: {'error': 'Forbidden', 'status': 403, 'message': 'User does not have permissions to Clip on this channel.'} ~ (inc:13, avg:6.8, diff:1.91)
2022-04-05 14:50:21,103 - heem | [CLIP CREATE FAILED]: {'error': 'Forbidden', 'status': 403, 'message': 'User does not have permissions to Clip on this channel.'} ~ (inc:13, avg:4.73, diff:2.75)
2022-04-05 14:50:45,685 - pokelawls | https://clips.twitch.tv/HotSullenLardKlappa-J57QXCEV1BwNepCL/edit ~ (inc:292, avg:153.56, diff:1.9)
2022-04-05 14:51:10,543 - heem | [CLIP CREATE FAILED]: {'error': 'Forbidden', 'status': 403, 'message': 'User does not have permissions to Clip on this channel.'} ~ (inc:15, avg:7.22, diff:2.08)
2022-04-05 14:54:59,528 - cowsep | https://clips.twitch.tv/TenaciousPiliableChoughTheThing-EmQgPcMgbtsJV-AT/edit ~ (inc:15, avg:2.38, diff:6.29)
2022-04-05 14:55:37,784 - cowsep | https://clips.twitch.tv/SlipperyThankfulWalrusBCWarrior-vJyzAfevS8rycPrW/edit ~ (inc:18, avg:5.98, diff:3.01)
2022-04-05 14:56:15,870 - cowsep | https://clips.twitch.tv/BelovedSpineyStinkbugPicoMause-sQMR4JmlMTy8TSso/edit ~ (inc:25, avg:11.36, diff:2.2)
2022-04-05 15:31:55,811 - pokelawls | https://clips.twitch.tv/PlainDarkDragonBibleThump-87m9QoexHksoNaOy/edit ~ (inc:274, avg:141.82, diff:1.93)
2022-04-05 15:38:14,886 - pokelawls | [CLIP CREATE FAILED]: {'error': 'Not Found', 'status': 404, 'message': 'Clipping is not possible for an offline channel.'} ~ (inc:20, avg:10.07, diff:1.99)
2022-04-05 15:45:40,191 - cowsep | https://clips.twitch.tv/KindSavoryPassionfruitDeIlluminati-Yw_z4_CywZCaVy0H/edit ~ (inc:12, avg:3.31, diff:3.62)
2022-04-05 15:46:52,452 - pokelawls | [CLIP CREATE FAILED]: {'error': 'Not Found', 'status': 404, 'message': 'Clipping is not possible for an offline channel.'} ~ (inc:15, avg:7.59, diff:1.98)
2022-04-05 15:53:25,943 - pokelawls | [CLIP CREATE FAILED]: {'error': 'Not Found', 'status': 404, 'message': 'Clipping is not possible for an offline channel.'} ~ (inc:12, avg:4.69, diff:2.56)
2022-04-05 15:59:19,533 - pokelawls | [CLIP CREATE FAILED]: {'error': 'Not Found', 'status': 404, 'message': 'Clipping is not possible for an offline channel.'} ~ (inc:12, avg:3.73, diff:3.22)
2022-04-05 15:59:57,137 - pokelawls | [CLIP CREATE FAILED]: {'error': 'Not Found', 'status': 404, 'message': 'Clipping is not possible for an offline channel.'} ~ (inc:14, avg:4.25, diff:3.29)
2022-04-05 16:10:29,527 - pokelawls | [CLIP CREATE FAILED]: {'error': 'Not Found', 'status': 404, 'message': 'Clipping is not possible for an offline channel.'} ~ (inc:12, avg:2.94, diff:4.08)
2022-04-05 16:10:46,564 - cowsep | https://clips.twitch.tv/EnjoyableDifferentPassionfruitNerfBlueBlaster-_b0g9QLIXlHIqwCX/edit ~ (inc:12, avg:5.66, diff:2.12)
2022-04-05 16:12:56,125 - cowsep | https://clips.twitch.tv/DeliciousEnticingPeafowlAMPEnergy-i9JiLPrcRTzXi4Qi/edit ~ (inc:12, avg:5.39, diff:2.22)
2022-04-05 16:15:22,924 - cowsep | https://clips.twitch.tv/CogentHilariousSquidDatBoi-mqQ7-0P0JbO4ak_7/edit ~ (inc:12, avg:5.18, diff:2.32)
2022-04-05 16:29:45,667 - pokelawls | [CLIP CREATE FAILED]: {'error': 'Not Found', 'status': 404, 'message': 'Clipping is not possible for an offline channel.'} ~ (inc:12, avg:3.26, diff:3.68)
2022-04-05 16:38:53,525 - cowsep | https://clips.twitch.tv/NiceEntertainingClipsdadLitFam-RhhD_747MBUuj8L9/edit ~ (inc:13, avg:2.67, diff:4.88)
2022-04-05 16:44:21,816 - cowsep | https://clips.twitch.tv/AthleticSpinelessCockroachPicoMause-LMwDOe2kCDmv0E4u/edit ~ (inc:12, avg:3.22, diff:3.72)
2022-04-05 16:46:30,196 - cowsep | https://clips.twitch.tv/OilyAmusedTitanHeyGuys-w0_b7oSuKN1pnaeO/edit ~ (inc:12, avg:5.09, diff:2.36)
2022-04-05 16:48:38,623 - cowsep | https://clips.twitch.tv/AdventurousDiligentWalletJonCarnage-IYU3rAgzqB4n5oMd/edit ~ (inc:12, avg:6.21, diff:1.93)
2022-04-05 16:50:48,724 - cowsep | https://clips.twitch.tv/InterestingFlaccidSandstormSmoocherZ-fBU_F4ZCAkzGwty-/edit ~ (inc:12, avg:5.87, diff:2.04)
2022-04-05 16:59:57,385 - pokelawls | [CLIP CREATE FAILED]: {'error': 'Not Found', 'status': 404, 'message': 'Clipping is not possible for an offline channel.'} ~ (inc:12, avg:2.71, diff:4.43)
2022-04-05 17:29:50,548 - pokelawls | [CLIP CREATE FAILED]: {'error': 'Not Found', 'status': 404, 'message': 'Clipping is not possible for an offline channel.'} ~ (inc:12, avg:2.09, diff:5.74)
2022-04-05 17:33:41,144 - pokelawls | [CLIP CREATE FAILED]: {'error': 'Not Found', 'status': 404, 'message': 'Clipping is not possible for an offline channel.'} ~ (inc:12, avg:6.26, diff:1.92)
2022-04-05 17:37:23,998 - pokelawls | [CLIP CREATE FAILED]: {'error': 'Not Found', 'status': 404, 'message': 'Clipping is not possible for an offline channel.'} ~ (inc:12, avg:4.92, diff:2.44)
2022-04-05 17:38:01,524 - pokelawls | [CLIP CREATE FAILED]: {'error': 'Not Found', 'status': 404, 'message': 'Clipping is not possible for an offline channel.'} ~ (inc:12, avg:5.98, diff:2.01)
2022-04-05 17:55:59,607 - pokelawls | [CLIP CREATE FAILED]: {'error': 'Not Found', 'status': 404, 'message': 'Clipping is not possible for an offline channel.'} ~ (inc:12, avg:5.82, diff:2.06)
2022-04-05 17:59:58,473 - pokelawls | [CLIP CREATE FAILED]: {'error': 'Not Found', 'status': 404, 'message': 'Clipping is not possible for an offline channel.'} ~ (inc:15, avg:7.07, diff:2.12)
2022-04-05 18:06:30,600 - pokelawls | [CLIP CREATE FAILED]: {'error': 'Not Found', 'status': 404, 'message': 'Clipping is not possible for an offline channel.'} ~ (inc:12, avg:4.58, diff:2.62)
2022-04-05 18:12:25,589 - pokelawls | [CLIP CREATE FAILED]: {'error': 'Not Found', 'status': 404, 'message': 'Clipping is not possible for an offline channel.'} ~ (inc:12, avg:5.61, diff:2.14)
2022-04-05 18:17:38,840 - pokelawls | [CLIP CREATE FAILED]: {'error': 'Not Found', 'status': 404, 'message': 'Clipping is not possible for an offline channel.'} ~ (inc:12, avg:4.6, diff:2.61)
2022-04-05 18:18:11,812 - cowsep | https://clips.twitch.tv/HotGiantCookieBudStar-QA8vx9TbBC85RbEc/edit ~ (inc:12, avg:3.46, diff:3.46)
2022-04-05 18:18:49,748 - cowsep | https://clips.twitch.tv/ManlyAnnoyingLlamaANELE-Ya1g1RBzPD9gcdCc/edit ~ (inc:13, avg:5.74, diff:2.27)
2022-04-05 18:25:15,368 - pokelawls | [CLIP CREATE FAILED]: {'error': 'Not Found', 'status': 404, 'message': 'Clipping is not possible for an offline channel.'} ~ (inc:12, avg:3.81, diff:3.15)
2022-04-05 18:28:54,963 - pokelawls | [CLIP CREATE FAILED]: {'error': 'Not Found', 'status': 404, 'message': 'Clipping is not possible for an offline channel.'} ~ (inc:12, avg:6.08, diff:1.97)
2022-04-05 18:29:51,718 - pokelawls | [CLIP CREATE FAILED]: {'error': 'Not Found', 'status': 404, 'message': 'Clipping is not possible for an offline channel.'} ~ (inc:13, avg:6.7, diff:1.94)
2022-04-05 18:39:27,919 - pokelawls | [CLIP CREATE FAILED]: {'error': 'Not Found', 'status': 404, 'message': 'Clipping is not possible for an offline channel.'} ~ (inc:15, avg:5.08, diff:2.95)
2022-04-05 18:44:27,887 - pokelawls | [CLIP CREATE FAILED]: {'error': 'Not Found', 'status': 404, 'message': 'Clipping is not possible for an offline channel.'} ~ (inc:12, avg:2.42, diff:4.95)
2022-04-05 18:52:09,097 - pokelawls | [CLIP CREATE FAILED]: {'error': 'Not Found', 'status': 404, 'message': 'Clipping is not possible for an offline channel.'} ~ (inc:12, avg:3.34, diff:3.59)
2022-04-05 18:57:31,732 - pokelawls | [CLIP CREATE FAILED]: {'error': 'Not Found', 'status': 404, 'message': 'Clipping is not possible for an offline channel.'} ~ (inc:12, avg:2.79, diff:4.3)
2022-04-05 19:00:03,667 - pokelawls | [CLIP CREATE FAILED]: {'error': 'Not Found', 'status': 404, 'message': 'Clipping is not possible for an offline channel.'} ~ (inc:15, avg:7.81, diff:1.92)
2022-04-05 19:01:28,375 - cowsep | https://clips.twitch.tv/EsteemedDarlingGrassMcaT-TvLGNRxhzvWCFNvM/edit ~ (inc:12, avg:3.81, diff:3.15)
2022-04-05 19:16:36,175 - cowsep | https://clips.twitch.tv/AlertConsiderateSkirretDAESuppy-yaX7zBnOYZXIIMr9/edit ~ (inc:12, avg:3.72, diff:3.23)
2022-04-05 19:29:46,027 - pokelawls | [CLIP CREATE FAILED]: {'error': 'Not Found', 'status': 404, 'message': 'Clipping is not possible for an offline channel.'} ~ (inc:12, avg:2.71, diff:4.43)
2022-04-05 19:31:27,971 - pokelawls | [CLIP CREATE FAILED]: {'error': 'Not Found', 'status': 404, 'message': 'Clipping is not possible for an offline channel.'} ~ (inc:13, avg:6.65, diff:1.96)
2022-04-05 19:37:42,253 - cowsep | https://clips.twitch.tv/BlushingSavagePieVoteYea-oAp_vv_ny-MhyQha/edit ~ (inc:12, avg:3.01, diff:3.99)
2022-04-05 19:44:59,884 - pokelawls | [CLIP CREATE FAILED]: {'error': 'Not Found', 'status': 404, 'message': 'Clipping is not possible for an offline channel.'} ~ (inc:12, avg:2.59, diff:4.64)
2022-04-05 19:56:52,841 - pokelawls | [CLIP CREATE FAILED]: {'error': 'Not Found', 'status': 404, 'message': 'Clipping is not possible for an offline channel.'} ~ (inc:12, avg:3.81, diff:3.15)
2022-04-05 19:57:30,257 - pokelawls | [CLIP CREATE FAILED]: {'error': 'Not Found', 'status': 404, 'message': 'Clipping is not possible for an offline channel.'} ~ (inc:14, avg:6.09, diff:2.3)
2022-04-05 19:59:58,651 - pokelawls | [CLIP CREATE FAILED]: {'error': 'Not Found', 'status': 404, 'message': 'Clipping is not possible for an offline channel.'} ~ (inc:13, avg:6.16, diff:2.11)
2022-04-05 20:29:51,984 - pokelawls | [CLIP CREATE FAILED]: {'error': 'Not Found', 'status': 404, 'message': 'Clipping is not possible for an offline channel.'} ~ (inc:12, avg:4.37, diff:2.74)
2022-04-05 20:52:34,664 - pokelawls | [CLIP CREATE FAILED]: {'error': 'Not Found', 'status': 404, 'message': 'Clipping is not possible for an offline channel.'} ~ (inc:13, avg:2.43, diff:5.34)
2022-04-05 21:00:00,524 - pokelawls | [CLIP CREATE FAILED]: {'error': 'Not Found', 'status': 404, 'message': 'Clipping is not possible for an offline channel.'} ~ (inc:12, avg:3.92, diff:3.06)
2022-04-05 21:14:34,136 - pokelawls | [CLIP CREATE FAILED]: {'error': 'Not Found', 'status': 404, 'message': 'Clipping is not possible for an offline channel.'} ~ (inc:12, avg:2.82, diff:4.26)
2022-04-05 21:19:49,777 - pokelawls | [CLIP CREATE FAILED]: {'error': 'Not Found', 'status': 404, 'message': 'Clipping is not possible for an offline channel.'} ~ (inc:13, avg:6.73, diff:1.93)
2022-04-05 21:29:46,735 - pokelawls | [CLIP CREATE FAILED]: {'error': 'Not Found', 'status': 404, 'message': 'Clipping is not possible for an offline channel.'} ~ (inc:12, avg:2.8, diff:4.29)
2022-04-05 21:38:37,781 - pokelawls | [CLIP CREATE FAILED]: {'error': 'Not Found', 'status': 404, 'message': 'Clipping is not possible for an offline channel.'} ~ (inc:13, avg:6.42, diff:2.02)
2022-04-05 21:42:12,062 - pokelawls | [CLIP CREATE FAILED]: {'error': 'Not Found', 'status': 404, 'message': 'Clipping is not possible for an offline channel.'} ~ (inc:15, avg:7.46, diff:2.01)
2022-04-05 21:58:38,112 - pokelawls | [CLIP CREATE FAILED]: {'error': 'Not Found', 'status': 404, 'message': 'Clipping is not possible for an offline channel.'} ~ (inc:12, avg:6.09, diff:1.97)
2022-04-05 21:59:58,914 - pokelawls | [CLIP CREATE FAILED]: {'error': 'Not Found', 'status': 404, 'message': 'Clipping is not possible for an offline channel.'} ~ (inc:17, avg:6.97, diff:2.44)
2022-04-05 22:00:36,393 - pokelawls | [CLIP CREATE FAILED]: {'error': 'Not Found', 'status': 404, 'message': 'Clipping is not possible for an offline channel.'} ~ (inc:27, avg:13.43, diff:2.01)
2022-04-05 22:03:25,818 - pokelawls | [CLIP CREATE FAILED]: {'error': 'Not Found', 'status': 404, 'message': 'Clipping is not possible for an offline channel.'} ~ (inc:16, avg:7.45, diff:2.15)
2022-04-05 22:04:03,417 - pokelawls | [CLIP CREATE FAILED]: {'error': 'Not Found', 'status': 404, 'message': 'Clipping is not possible for an offline channel.'} ~ (inc:17, avg:8.43, diff:2.02)
2022-04-05 22:04:40,838 - pokelawls | [CLIP CREATE FAILED]: {'error': 'Not Found', 'status': 404, 'message': 'Clipping is not possible for an offline channel.'} ~ (inc:20, avg:10.35, diff:1.93)
2022-04-05 22:10:51,135 - pokelawls | [CLIP CREATE FAILED]: {'error': 'Not Found', 'status': 404, 'message': 'Clipping is not possible for an offline channel.'} ~ (inc:13, avg:6.71, diff:1.94)
2022-04-05 22:23:09,748 - pokelawls | [CLIP CREATE FAILED]: {'error': 'Not Found', 'status': 404, 'message': 'Clipping is not possible for an offline channel.'} ~ (inc:12, avg:6.08, diff:1.97)
2022-04-05 22:28:15,868 - pokelawls | [CLIP CREATE FAILED]: {'error': 'Not Found', 'status': 404, 'message': 'Clipping is not possible for an offline channel.'} ~ (inc:14, avg:6.95, diff:2.01)
2022-04-05 22:28:53,388 - pokelawls | [CLIP CREATE FAILED]: {'error': 'Not Found', 'status': 404, 'message': 'Clipping is not possible for an offline channel.'} ~ (inc:18, avg:8.77, diff:2.05)
2022-04-05 22:29:50,162 - pokelawls | [CLIP CREATE FAILED]: {'error': 'Not Found', 'status': 404, 'message': 'Clipping is not possible for an offline channel.'} ~ (inc:21, avg:10.44, diff:2.01)
2022-04-05 22:41:35,016 - pokelawls | [CLIP CREATE FAILED]: {'error': 'Not Found', 'status': 404, 'message': 'Clipping is not possible for an offline channel.'} ~ (inc:12, avg:5.67, diff:2.12)
2022-04-05 22:46:24,866 - pokelawls | [CLIP CREATE FAILED]: {'error': 'Not Found', 'status': 404, 'message': 'Clipping is not possible for an offline channel.'} ~ (inc:13, avg:5.65, diff:2.3)
2022-04-05 22:50:21,738 - pokelawls | [CLIP CREATE FAILED]: {'error': 'Not Found', 'status': 404, 'message': 'Clipping is not possible for an offline channel.'} ~ (inc:12, avg:4.79, diff:2.51)
2022-04-05 22:54:52,468 - pokelawls | [CLIP CREATE FAILED]: {'error': 'Not Found', 'status': 404, 'message': 'Clipping is not possible for an offline channel.'} ~ (inc:16, avg:7.49, diff:2.13)
2022-04-05 22:59:18,723 - pokelawls | [CLIP CREATE FAILED]: {'error': 'Not Found', 'status': 404, 'message': 'Clipping is not possible for an offline channel.'} ~ (inc:15, avg:7.32, diff:2.05)
2022-04-05 22:59:56,176 - pokelawls | [CLIP CREATE FAILED]: {'error': 'Not Found', 'status': 404, 'message': 'Clipping is not possible for an offline channel.'} ~ (inc:22, avg:10.0, diff:2.2)
2022-04-05 23:29:39,609 - pokelawls | [CLIP CREATE FAILED]: {'error': 'Not Found', 'status': 404, 'message': 'Clipping is not possible for an offline channel.'} ~ (inc:12, avg:2.4, diff:4.99)
2022-04-05 23:36:47,831 - pokelawls | [CLIP CREATE FAILED]: {'error': 'Not Found', 'status': 404, 'message': 'Clipping is not possible for an offline channel.'} ~ (inc:12, avg:4.0, diff:3.0)
2022-04-05 23:52:43,388 - pokelawls | [CLIP CREATE FAILED]: {'error': 'Not Found', 'status': 404, 'message': 'Clipping is not possible for an offline channel.'} ~ (inc:14, avg:5.79, diff:2.42)
2022-04-05 23:53:20,843 - pokelawls | [CLIP CREATE FAILED]: {'error': 'Not Found', 'status': 404, 'message': 'Clipping is not possible for an offline channel.'} ~ (inc:21, avg:9.37, diff:2.24)
2022-04-06 00:13:16,311 - pokelawls | [CLIP CREATE FAILED]: {'error': 'Not Found', 'status': 404, 'message': 'Clipping is not possible for an offline channel.'} ~ (inc:13, avg:4.18, diff:3.11)
2022-04-06 00:29:45,416 - pokelawls | [CLIP CREATE FAILED]: {'error': 'Not Found', 'status': 404, 'message': 'Clipping is not possible for an offline channel.'} ~ (inc:12, avg:1.7, diff:7.07)
2022-04-06 00:43:48,318 - pokelawls | [CLIP CREATE FAILED]: {'error': 'Not Found', 'status': 404, 'message': 'Clipping is not possible for an offline channel.'} ~ (inc:12, avg:4.01, diff:2.99)
2022-04-06 00:44:32,255 - pokelawls | [CLIP CREATE FAILED]: {'error': 'Not Found', 'status': 404, 'message': 'Clipping is not possible for an offline channel.'} ~ (inc:12, avg:6.15, diff:1.95)
2022-04-06 00:55:14,362 - pokelawls | [CLIP CREATE FAILED]: {'error': 'Not Found', 'status': 404, 'message': 'Clipping is not possible for an offline channel.'} ~ (inc:12, avg:4.34, diff:2.76)
2022-04-06 00:55:51,791 - pokelawls | [CLIP CREATE FAILED]: {'error': 'Not Found', 'status': 404, 'message': 'Clipping is not possible for an offline channel.'} ~ (inc:15, avg:7.2, diff:2.08)
2022-04-06 01:00:40,310 - pokelawls | [CLIP CREATE FAILED]: {'error': 'Not Found', 'status': 404, 'message': 'Clipping is not possible for an offline channel.'} ~ (inc:12, avg:4.59, diff:2.62)
2022-04-06 01:29:46,777 - pokelawls | [CLIP CREATE FAILED]: {'error': 'Not Found', 'status': 404, 'message': 'Clipping is not possible for an offline channel.'} ~ (inc:12, avg:4.02, diff:2.98)
2022-04-06 01:30:56,386 - pokelawls | [CLIP CREATE FAILED]: {'error': 'Not Found', 'status': 404, 'message': 'Clipping is not possible for an offline channel.'} ~ (inc:14, avg:6.63, diff:2.11)
2022-04-06 01:38:11,028 - pokelawls | [CLIP CREATE FAILED]: {'error': 'Not Found', 'status': 404, 'message': 'Clipping is not possible for an offline channel.'} ~ (inc:14, avg:7.29, diff:1.92)
2022-04-06 01:45:06,344 - pokelawls | [CLIP CREATE FAILED]: {'error': 'Not Found', 'status': 404, 'message': 'Clipping is not possible for an offline channel.'} ~ (inc:12, avg:6.2, diff:1.93)
2022-04-06 01:52:08,091 - pokelawls | [CLIP CREATE FAILED]: {'error': 'Not Found', 'status': 404, 'message': 'Clipping is not possible for an offline channel.'} ~ (inc:12, avg:5.91, diff:2.03)
2022-04-06 01:55:02,285 - pokelawls | [CLIP CREATE FAILED]: {'error': 'Not Found', 'status': 404, 'message': 'Clipping is not possible for an offline channel.'} ~ (inc:14, avg:6.66, diff:2.1)
2022-04-06 01:55:39,736 - pokelawls | [CLIP CREATE FAILED]: {'error': 'Not Found', 'status': 404, 'message': 'Clipping is not possible for an offline channel.'} ~ (inc:17, avg:8.92, diff:1.91)
2022-04-06 02:00:05,561 - pokelawls | [CLIP CREATE FAILED]: {'error': 'Not Found', 'status': 404, 'message': 'Clipping is not possible for an offline channel.'} ~ (inc:14, avg:6.98, diff:2.01)
2022-04-06 02:08:27,600 - pokelawls | [CLIP CREATE FAILED]: {'error': 'Not Found', 'status': 404, 'message': 'Clipping is not possible for an offline channel.'} ~ (inc:12, avg:4.91, diff:2.44)
2022-04-06 02:12:54,960 - pokelawls | [CLIP CREATE FAILED]: {'error': 'Not Found', 'status': 404, 'message': 'Clipping is not possible for an offline channel.'} ~ (inc:13, avg:6.57, diff:1.98)
2022-04-06 02:15:53,948 - pokelawls | [CLIP CREATE FAILED]: {'error': 'Not Found', 'status': 404, 'message': 'Clipping is not possible for an offline channel.'} ~ (inc:15, avg:7.35, diff:2.04)
2022-04-06 02:23:06,926 - pokelawls | [CLIP CREATE FAILED]: {'error': 'Not Found', 'status': 404, 'message': 'Clipping is not possible for an offline channel.'} ~ (inc:20, avg:10.47, diff:1.91)
2022-04-06 02:23:45,989 - pokelawls | [CLIP CREATE FAILED]: {'error': 'Not Found', 'status': 404, 'message': 'Clipping is not possible for an offline channel.'} ~ (inc:27, avg:14.15, diff:1.91)
2022-04-06 02:34:47,311 - pokelawls | [CLIP CREATE FAILED]: {'error': 'Not Found', 'status': 404, 'message': 'Clipping is not possible for an offline channel.'} ~ (inc:13, avg:6.4, diff:2.03)
2022-04-06 02:39:06,810 - pokelawls | [CLIP CREATE FAILED]: {'error': 'Not Found', 'status': 404, 'message': 'Clipping is not possible for an offline channel.'} ~ (inc:12, avg:3.62, diff:3.32)
2022-04-06 02:42:15,696 - pokelawls | [CLIP CREATE FAILED]: {'error': 'Not Found', 'status': 404, 'message': 'Clipping is not possible for an offline channel.'} ~ (inc:14, avg:6.45, diff:2.17)
2022-04-06 03:00:10,393 - pokelawls | [CLIP CREATE FAILED]: {'error': 'Not Found', 'status': 404, 'message': 'Clipping is not possible for an offline channel.'} ~ (inc:12, avg:2.88, diff:4.17)
2022-04-06 03:10:15,593 - pokelawls | [CLIP CREATE FAILED]: {'error': 'Not Found', 'status': 404, 'message': 'Clipping is not possible for an offline channel.'} ~ (inc:12, avg:3.49, diff:3.43)
2022-04-06 03:10:53,036 - pokelawls | [CLIP CREATE FAILED]: {'error': 'Not Found', 'status': 404, 'message': 'Clipping is not possible for an offline channel.'} ~ (inc:20, avg:7.83, diff:2.55)
2022-04-06 03:16:34,695 - pokelawls | [CLIP CREATE FAILED]: {'error': 'Not Found', 'status': 404, 'message': 'Clipping is not possible for an offline channel.'} ~ (inc:12, avg:4.69, diff:2.56)
2022-04-06 03:27:41,524 - pokelawls | [CLIP CREATE FAILED]: {'error': 'Not Found', 'status': 404, 'message': 'Clipping is not possible for an offline channel.'} ~ (inc:12, avg:5.15, diff:2.33)
2022-04-06 03:29:37,772 - pokelawls | [CLIP CREATE FAILED]: {'error': 'Not Found', 'status': 404, 'message': 'Clipping is not possible for an offline channel.'} ~ (inc:13, avg:5.62, diff:2.31)
2022-04-06 03:40:36,506 - pokelawls | [CLIP CREATE FAILED]: {'error': 'Not Found', 'status': 404, 'message': 'Clipping is not possible for an offline channel.'} ~ (inc:13, avg:3.35, diff:3.88)
2022-04-06 03:41:14,069 - pokelawls | [CLIP CREATE FAILED]: {'error': 'Not Found', 'status': 404, 'message': 'Clipping is not possible for an offline channel.'} ~ (inc:31, avg:9.08, diff:3.41)
2022-04-06 03:48:36,835 - pokelawls | [CLIP CREATE FAILED]: {'error': 'Not Found', 'status': 404, 'message': 'Clipping is not possible for an offline channel.'} ~ (inc:12, avg:3.98, diff:3.02)
2022-04-06 03:59:49,194 - pokelawls | [CLIP CREATE FAILED]: {'error': 'Not Found', 'status': 404, 'message': 'Clipping is not possible for an offline channel.'} ~ (inc:12, avg:4.46, diff:2.69)
2022-04-06 04:29:38,736 - pokelawls | [CLIP CREATE FAILED]: {'error': 'Not Found', 'status': 404, 'message': 'Clipping is not possible for an offline channel.'} ~ (inc:13, avg:4.88, diff:2.66)
2022-04-06 04:35:31,422 - pokelawls | [CLIP CREATE FAILED]: {'error': 'Not Found', 'status': 404, 'message': 'Clipping is not possible for an offline channel.'} ~ (inc:12, avg:3.07, diff:3.91)
2022-04-06 04:38:51,383 - pokelawls | [CLIP CREATE FAILED]: {'error': 'Not Found', 'status': 404, 'message': 'Clipping is not possible for an offline channel.'} ~ (inc:12, avg:5.73, diff:2.1)
2022-04-06 04:57:13,035 - pokelawls | [CLIP CREATE FAILED]: {'error': 'Not Found', 'status': 404, 'message': 'Clipping is not possible for an offline channel.'} ~ (inc:12, avg:3.24, diff:3.7)
2022-04-06 04:58:41,795 - pokelawls | [CLIP CREATE FAILED]: {'error': 'Not Found', 'status': 404, 'message': 'Clipping is not possible for an offline channel.'} ~ (inc:12, avg:4.57, diff:2.63)
2022-04-06 05:00:13,752 - pokelawls | [CLIP CREATE FAILED]: {'error': 'Not Found', 'status': 404, 'message': 'Clipping is not possible for an offline channel.'} ~ (inc:17, avg:8.85, diff:1.92)
2022-04-06 05:16:25,114 - pokelawls | [CLIP CREATE FAILED]: {'error': 'Not Found', 'status': 404, 'message': 'Clipping is not possible for an offline channel.'} ~ (inc:13, avg:2.46, diff:5.27)
2022-04-06 05:29:38,589 - pokelawls | [CLIP CREATE FAILED]: {'error': 'Not Found', 'status': 404, 'message': 'Clipping is not possible for an offline channel.'} ~ (inc:12, avg:2.93, diff:4.1)
2022-04-06 05:58:50,773 - pokelawls | [CLIP CREATE FAILED]: {'error': 'Not Found', 'status': 404, 'message': 'Clipping is not possible for an offline channel.'} ~ (inc:12, avg:4.19, diff:2.86)
2022-04-06 05:59:52,345 - pokelawls | [CLIP CREATE FAILED]: {'error': 'Not Found', 'status': 404, 'message': 'Clipping is not possible for an offline channel.'} ~ (inc:13, avg:5.03, diff:2.58)
2022-04-06 06:14:06,203 - pokelawls | [CLIP CREATE FAILED]: {'error': 'Not Found', 'status': 404, 'message': 'Clipping is not possible for an offline channel.'} ~ (inc:12, avg:4.13, diff:2.9)
2022-04-06 06:16:00,754 - pokelawls | [CLIP CREATE FAILED]: {'error': 'Not Found', 'status': 404, 'message': 'Clipping is not possible for an offline channel.'} ~ (inc:13, avg:6.42, diff:2.02)
2022-04-06 06:19:51,300 - graycen | https://clips.twitch.tv/VainSassyHedgehogBudBlast-m-vky4jty0IWzyCz/edit ~ (inc:13, avg:4.9, diff:2.65)
2022-04-06 08:27:35,039 - lilypichu | https://clips.twitch.tv/AthleticPiliableClipzJebaited-qD5snuBcqrGeec0H/edit ~ (inc:37, avg:17.69, diff:2.09)
2022-04-06 08:28:13,286 - lilypichu | https://clips.twitch.tv/CourageousAmusedBaconHoneyBadger-DrZRBygKmrKVUXCv/edit ~ (inc:69, avg:30.37, diff:2.27)
2022-04-06 08:33:05,869 - jonzherka | https://clips.twitch.tv/TawdryBloodyAubergineVoteYea-8JRmKtKYnfpzCPDT/edit ~ (inc:36, avg:18.18, diff:1.98)
2022-04-06 08:33:12,614 - graycen | https://clips.twitch.tv/MiniatureUnsightlyOkapiKippa-O_JNgnNn5_-a24eS/edit ~ (inc:12, avg:5.63, diff:2.13)
2022-04-06 08:33:29,037 - lilypichu | https://clips.twitch.tv/EncouragingMotionlessBeaverDxAbomb-45YYwPL8QB-oPiGc/edit ~ (inc:22, avg:11.49, diff:1.91)
2022-04-06 08:39:00,923 - lilypichu | https://clips.twitch.tv/FastFitAntDxCat-ojoaaM78H-yx5BMO/edit ~ (inc:13, avg:6.8, diff:1.91)
2022-04-06 08:39:06,949 - jonzherka | https://clips.twitch.tv/PatientBreakableBeanAllenHuhu-crJdFC4OW0Fw2Vn2/edit ~ (inc:55, avg:27.74, diff:1.98)
2022-04-06 08:39:17,294 - boxbox | https://clips.twitch.tv/FrailGlamorousRaccoonDoubleRainbow-CjMeyYyVf2pobyWs/edit ~ (inc:132, avg:67.35, diff:1.96)
2022-04-06 08:39:35,808 - graycen | https://clips.twitch.tv/SnappyBetterDolphinSuperVinlin-Y0JErJT9XSQTDAJl/edit ~ (inc:12, avg:5.35, diff:2.24)
2022-04-06 08:39:56,831 - lilypichu | https://clips.twitch.tv/ExquisiteSmellyDurianFailFish-3xOKaQWC_l4ptRlM/edit ~ (inc:21, avg:10.95, diff:1.92)
2022-04-06 08:40:02,890 - jonzherka | https://clips.twitch.tv/TenuousShortDogDatSheffy-CcMjZwqFxzpmM6f6/edit ~ (inc:125, avg:41.58, diff:3.01)
2022-04-06 08:42:50,777 - jonzherka | https://clips.twitch.tv/WiseObedientTapirUWot-9JOLcyZQ5hzmIz3P/edit ~ (inc:92, avg:48.4, diff:1.9)
2022-04-06 08:43:08,823 - graycen | https://clips.twitch.tv/SeductiveHilariousDoveThunBeast-4QTSMR-34_7pHFHu/edit ~ (inc:13, avg:6.61, diff:1.97)
2022-04-06 08:43:15,394 - lilypichu | https://clips.twitch.tv/AssiduousAmazonianWalrusRiPepperonis-4MLFjZWKEt9vHTfx/edit ~ (inc:45, avg:19.37, diff:2.32)
2022-04-06 08:43:22,912 - xqcow | https://clips.twitch.tv/LongAlluringKittenWoofer-nT2AL-4-kBC5gTYq/edit ~ (inc:717, avg:346.34, diff:2.07)
2022-04-06 08:45:19,554 - lilypichu | https://clips.twitch.tv/AntediluvianOptimisticYakinikuOpieOP-yGhCJCr7JKdyR3DZ/edit ~ (inc:71, avg:34.86, diff:2.04)
2022-04-06 08:45:34,026 - jonzherka | https://clips.twitch.tv/WimpyBlitheLouseCurseLit-nzm2YoARCGw4ux16/edit ~ (inc:99, avg:48.29, diff:2.05)
2022-04-06 08:48:49,275 - boxbox | https://clips.twitch.tv/ManlyAntsyPoxFloof-A1R0oL0Sp_7eUyG4/edit ~ (inc:102, avg:50.65, diff:2.01)
2022-04-06 08:48:55,524 - lilypichu | https://clips.twitch.tv/PrettyTriumphantFerretTwitchRaid-VW2i722kBOzTU2Dk/edit ~ (inc:128, avg:65.75, diff:1.95)
2022-04-06 08:54:10,570 - lilypichu | https://clips.twitch.tv/BlindingManlySandwichNotATK-b8MkjPSZi7oXxHUD/edit ~ (inc:62, avg:32.44, diff:1.91)
2022-04-06 08:59:34,923 - boxbox | https://clips.twitch.tv/LazyRoughHorsePlanking-Z7CT9bdQ7kW4gTAY/edit ~ (inc:119, avg:62.56, diff:1.9)
2022-04-06 09:03:57,538 - jonzherka | https://clips.twitch.tv/EndearingOutstandingCocoaWow-GJWu2igoHy1N5xKz/edit ~ (inc:45, avg:21.08, diff:2.13)
2022-04-06 09:04:35,484 - jonzherka | https://clips.twitch.tv/BlazingMoralSparrowTheRinger-ywDBjXax0cZNtySw/edit ~ (inc:76, avg:35.62, diff:2.13)
2022-04-06 09:04:46,935 - graycen | https://clips.twitch.tv/ThirstyResilientMomResidentSleeper--LeU5jibxdWbC0yG/edit ~ (inc:12, avg:5.19, diff:2.31)
2022-04-06 09:05:19,477 - jonzherka | https://clips.twitch.tv/ShakingAgreeableDunlinRlyTho-Smak6PRx1oPTXIqV/edit ~ (inc:106, avg:51.18, diff:2.07)
2022-04-06 09:05:28,038 - boxbox | https://clips.twitch.tv/GleamingPerfectElkCurseLit-YJFTkJLt5990flrz/edit ~ (inc:143, avg:75.14, diff:1.9)
2022-04-06 09:06:03,724 - jonzherka | https://clips.twitch.tv/GiftedWisePterodactylKreygasm-Nvu4kWvpATzTcU5S/edit ~ (inc:164, avg:84.62, diff:1.94)
2022-04-06 09:10:15,160 - graycen | https://clips.twitch.tv/SparklyReliableStapleBCouch-fxqMIxlZOGUhoZIV/edit ~ (inc:13, avg:6.26, diff:2.08)
2022-04-06 09:10:21,696 - jonzherka | https://clips.twitch.tv/GentleTransparentMochaVoHiYo-oWf-Wd2jOyV-94c7/edit ~ (inc:65, avg:28.82, diff:2.26)
2022-04-06 09:13:41,661 - lilypichu | https://clips.twitch.tv/TubularCrunchyTitanDoggo-Ef_gTPMJx666G8gN/edit ~ (inc:33, avg:17.22, diff:1.92)
2022-04-06 09:13:50,310 - graycen | https://clips.twitch.tv/DeafFlaccidBobaNotATK-oM_-EkiD-lC4sW1K/edit ~ (inc:12, avg:6.03, diff:1.99)
2022-04-06 09:22:48,792 - lilypichu | https://clips.twitch.tv/KathishShyPeppermintRlyTho-amK1GC_D8taaDjvU/edit ~ (inc:32, avg:14.36, diff:2.23)
2022-04-06 09:23:26,969 - lilypichu | https://clips.twitch.tv/TameDepressedGoatBibleThump-l_26kXwrOugT3mxx/edit ~ (inc:94, avg:28.77, diff:3.27)
2022-04-06 09:23:42,259 - boxbox | https://clips.twitch.tv/SuccessfulCrepuscularEndiveTBCheesePull-72L6GL0Fim3LMJod/edit ~ (inc:170, avg:84.83, diff:2.0)
2022-04-06 09:24:16,287 - jonzherka | https://clips.twitch.tv/RamshackleSucculentLionThunBeast-sEexboWsSM5Il7U4/edit ~ (inc:70, avg:36.44, diff:1.92)
2022-04-06 09:26:52,720 - lilypichu | https://clips.twitch.tv/TolerantPeppyEggnogPartyTime-IPBgiJKpIVkcm42u/edit ~ (inc:124, avg:64.89, diff:1.91)
2022-04-06 09:28:01,966 - jonzherka | https://clips.twitch.tv/OutstandingGlamorousBisonSeemsGood-ElApoX89Uub607Qx/edit ~ (inc:60, avg:30.96, diff:1.94)
2022-04-06 09:28:08,615 - graycen | https://clips.twitch.tv/TallFitLasagnaCharlieBitMe-IoCmPE9H4mDCrevs/edit ~ (inc:15, avg:4.12, diff:3.64)
2022-04-06 09:28:15,271 - lilypichu | https://clips.twitch.tv/AwkwardSpotlessBaguetteMau5-iHLtfPP9Sc2xU6zm/edit ~ (inc:157, avg:79.57, diff:1.97)
2022-04-06 09:31:17,649 - lilypichu | https://clips.twitch.tv/KindTubularNuggetsPunchTrees-_x0y7AD-0wulBJRJ/edit ~ (inc:155, avg:77.7, diff:1.99)
2022-04-06 09:31:23,526 - jonzherka | https://clips.twitch.tv/TacitBovineNostrilPanicBasket-ppkv0u3O6Th1Ls6F/edit ~ (inc:32, avg:16.43, diff:1.95)
2022-04-06 09:32:22,569 - jonzherka | https://clips.twitch.tv/TriangularNurturingKleeOpieOP-HzagbazdRnuRv6d4/edit ~ (inc:40, avg:20.98, diff:1.91)
2022-04-06 09:33:24,323 - graycen | https://clips.twitch.tv/MagnificentTardyAdminKappaWealth-DH0RI54XVOjMgYgA/edit ~ (inc:14, avg:6.96, diff:2.01)
2022-04-06 09:34:02,371 - graycen | https://clips.twitch.tv/EndearingAuspiciousPepperoniWoofer-orOdzL2hrDEZQYEk/edit ~ (inc:26, avg:9.38, diff:2.77)
2022-04-06 09:34:40,670 - graycen | https://clips.twitch.tv/ProudDeafPigeonTBCheesePull-yFpjllhGMeV4Q3iq/edit ~ (inc:37, avg:14.83, diff:2.5)
2022-04-06 09:37:38,321 - jonzherka | https://clips.twitch.tv/WittyRamshackleSushiHassanChop-olHJasEHO5P0bNV0/edit ~ (inc:58, avg:28.58, diff:2.03)
2022-04-06 09:42:46,397 - jonzherka | https://clips.twitch.tv/AdventurousAggressiveToothFailFish-D9o0SLaqDFTvCZET/edit ~ (inc:41, avg:21.39, diff:1.92)
2022-04-06 09:43:37,028 - jonzherka | https://clips.twitch.tv/ColdbloodedAlluringGullRiPepperonis-AoSjNDoRRLi3ewEV/edit ~ (inc:49, avg:25.17, diff:1.95)
2022-04-06 09:48:32,132 - jonzherka | https://clips.twitch.tv/ArtsyDoubtfulSparrowMrDestructoid-0espQL8JXfB_PlQY/edit ~ (inc:34, avg:17.42, diff:1.95)
2022-04-06 09:52:16,602 - jonzherka | https://clips.twitch.tv/AggressiveAntediluvianRavenTheTarFu-7pzhs0jh7qjV7y4R/edit ~ (inc:41, avg:21.25, diff:1.93)
2022-04-06 09:56:01,989 - graycen | https://clips.twitch.tv/FancyHappyCucumberDerp-i3dW8Nc96sryllrS/edit ~ (inc:12, avg:3.27, diff:3.67)
2022-04-06 09:56:26,366 - jonzherka | https://clips.twitch.tv/KindFaithfulPoxMcaT-_e1Y9MvEb5Xkw_zq/edit ~ (inc:44, avg:22.37, diff:1.97)
2022-04-06 10:03:28,101 - graycen | https://clips.twitch.tv/RoughRenownedAppleShazBotstix-ICfcptV42-zVEp4e/edit ~ (inc:12, avg:5.36, diff:2.24)
2022-04-06 10:09:47,361 - graycen | https://clips.twitch.tv/SleepySpeedyCattleArgieB8-RIbzWBhzbuYTaOKb/edit ~ (inc:12, avg:4.02, diff:2.98)
2022-04-06 10:12:40,441 - graycen | https://clips.twitch.tv/CrunchyHungryShallotDoggo-9vtII-W8iIgD02Fr/edit ~ (inc:12, avg:5.79, diff:2.07)
2022-04-06 10:13:20,829 - jonzherka | https://clips.twitch.tv/DepressedEasyEchidnaUnSane-Yr6bNK8aouoI20-J/edit ~ (inc:30, avg:15.77, diff:1.9)
2022-04-06 10:27:13,250 - graycen | https://clips.twitch.tv/TenuousHotEelTBCheesePull-e3XbaGZ2l8l898dB/edit ~ (inc:13, avg:3.69, diff:3.53)
2022-04-06 10:30:59,201 - graycen | https://clips.twitch.tv/ColdbloodedTacitAyeayeRickroll-XJHTBVH0o6UjVlPw/edit ~ (inc:15, avg:4.83, diff:3.11)
2022-04-06 10:31:18,481 - jonzherka | https://clips.twitch.tv/GrossSpineySoymilkPoooound-1UwOAKgLM8bazwNr/edit ~ (inc:21, avg:10.1, diff:2.08)
2022-04-06 10:31:42,636 - graycen | https://clips.twitch.tv/DistinctComfortableReindeerTBCheesePull-AeXufP_wSbKQ-O25/edit ~ (inc:54, avg:20.83, diff:2.59)
2022-04-06 10:36:23,272 - graycen | https://clips.twitch.tv/TiredGleamingDolphinWow-6W47sPsvXxMMOPRF/edit ~ (inc:14, avg:7.08, diff:1.98)
2022-04-06 10:37:01,440 - graycen | https://clips.twitch.tv/TacitNimbleGullStinkyCheese-RGuzMOjZbpvNafMe/edit ~ (inc:18, avg:8.96, diff:2.01)
2022-04-06 10:48:44,997 - jonzherka | https://clips.twitch.tv/TenaciousFitBananaHassanChop-RRA1jGdovogzLdnV/edit ~ (inc:30, avg:11.31, diff:2.65)
2022-04-06 10:52:26,066 - jonzherka | https://clips.twitch.tv/HeadstrongViscousTarsierThunBeast-L4BYkhd33afyrqJj/edit ~ (inc:29, avg:14.68, diff:1.98)
2022-04-06 10:56:27,399 - graycen | https://clips.twitch.tv/TriumphantCuteSoybeanBuddhaBar-pZCO8Bo6ozYsA9MZ/edit ~ (inc:12, avg:5.78, diff:2.08)
2022-04-06 10:58:59,645 - graycen | https://clips.twitch.tv/ScrumptiousSpoopyJayBibleThump-tFgMf69ufeOGYJj0/edit ~ (inc:21, avg:10.28, diff:2.04)
2022-04-06 11:03:56,252 - graycen | https://clips.twitch.tv/CrackyBlindingCurryNononoCat-U89w6ySLzRrOS3Ap/edit ~ (inc:12, avg:5.18, diff:2.32)
2022-04-06 11:05:38,504 - graycen | https://clips.twitch.tv/StupidCharmingSlothCharlieBitMe-Cxhkfcd0sUjqNX0w/edit ~ (inc:18, avg:8.73, diff:2.06)
2022-04-06 11:06:37,496 - graycen | https://clips.twitch.tv/FaithfulThoughtfulWebKappaRoss-cQPWF91a_mIZ_AQU/edit ~ (inc:27, avg:13.11, diff:2.06)
2022-04-06 11:14:09,789 - graycen | https://clips.twitch.tv/LazyBoredAntAsianGlow-C_zdbgldVPk8o7wh/edit ~ (inc:13, avg:6.29, diff:2.07)
2022-04-06 11:23:49,103 - graycen | https://clips.twitch.tv/SparklingBillowingPigeonBibleThump-4W-EyKxUOCpzHTKi/edit ~ (inc:12, avg:4.23, diff:2.84)
2022-04-06 11:26:00,085 - graycen | https://clips.twitch.tv/CogentHonestPidgeonHassanChop-JoaIt9x5_2UWQvgR/edit ~ (inc:12, avg:6.26, diff:1.92)
2022-04-06 11:27:24,710 - graycen | https://clips.twitch.tv/FlaccidSteamyBatteryGivePLZ-MSYAuVg7DOdJo4ci/edit ~ (inc:18, avg:9.22, diff:1.95)
2022-04-06 11:30:46,477 - graycen | https://clips.twitch.tv/AggressiveDelightfulDinosaurOpieOP-4hIs2OVB7JvG8rbx/edit ~ (inc:15, avg:6.97, diff:2.15)
2022-04-06 11:32:23,805 - graycen | https://clips.twitch.tv/ConsiderateGenerousPrariedogBabyRage-Hw8UEKX9UCCDLpik/edit ~ (inc:14, avg:7.34, diff:1.91)
2022-04-06 11:33:08,165 - graycen | https://clips.twitch.tv/RoughImpartialChinchillaPoooound-LG-19vUWxC7N2oJg/edit ~ (inc:23, avg:11.4, diff:2.02)
2022-04-06 11:38:27,290 - graycen | https://clips.twitch.tv/ToughAstuteSheepThisIsSparta-IVzmzzpNyDZY9a9q/edit ~ (inc:14, avg:4.6, diff:3.05)
2022-04-06 11:42:24,484 - graycen | https://clips.twitch.tv/RudeBashfulCoffeeResidentSleeper-pwr5r4euS7iu_ppl/edit ~ (inc:12, avg:6.22, diff:1.93)
2022-04-06 11:47:25,754 - graycen | https://clips.twitch.tv/TardyFlirtyDootRickroll-lVPjOtMoVF2-1A2p/edit ~ (inc:12, avg:3.41, diff:3.51)
2022-04-06 11:50:26,524 - graycen | https://clips.twitch.tv/EasyHungryMangoDendiFace-EOw3RWZhk7X7XLra/edit ~ (inc:13, avg:6.71, diff:1.94)
2022-04-06 12:03:26,618 - graycen | https://clips.twitch.tv/EncouragingThoughtfulLlamaBCWarrior-ODBuuiOAUzOf7fGL/edit ~ (inc:16, avg:4.7, diff:3.41)
2022-04-06 12:18:12,742 - graycen | https://clips.twitch.tv/PlainRichSushiTTours-iylVPPm4UR6SA5Ep/edit ~ (inc:12, avg:5.59, diff:2.15)
2022-04-06 12:18:19,105 - xqcow | https://clips.twitch.tv/EnjoyableInventiveWheelFUNgineer-axUSWgOeRItG6f7E/edit ~ (inc:558, avg:278.24, diff:2.01)
2022-04-06 12:22:10,959 - graycen | https://clips.twitch.tv/BusyHandsomeHabaneroCoolStoryBro-rWKtoEOwzmkGsfiP/edit ~ (inc:14, avg:7.0, diff:2.0)
2022-04-06 12:25:19,829 - graycen | https://clips.twitch.tv/RamshackleCovertBaconNomNom-DSG-_I0HEq49nj_o/edit ~ (inc:12, avg:5.84, diff:2.06)
2022-04-06 12:35:40,443 - graycen | https://clips.twitch.tv/HandsomeSweetSageFeelsBadMan-wPC-hOmIjOPHguCb/edit ~ (inc:12, avg:4.11, diff:2.92)
2022-04-06 12:41:20,440 - graycen | https://clips.twitch.tv/AgreeableSuaveSparrowSwiftRage-AMqViKi6woEeAgMV/edit ~ (inc:12, avg:4.64, diff:2.59)
2022-04-06 12:44:10,058 - graycen | https://clips.twitch.tv/BashfulArborealCrocodileLitty-y-M2TSSm08B2eC7F/edit ~ (inc:17, avg:8.92, diff:1.91)
2022-04-06 14:00:27,147 - xqcow | https://clips.twitch.tv/RelatedOriginalKaleYouWHY-ONHRvt7-6gJXniIZ/edit ~ (inc:674, avg:329.03, diff:2.05)
2022-04-06 16:15:04,952 - xqcow | https://clips.twitch.tv/CleanGloriousBaconBIRB-D7aI1SeDauIb-bq5/edit ~ (inc:614, avg:309.7, diff:1.98)
2022-04-06 19:32:23,437 - xqcow | https://clips.twitch.tv/HeartlessDarlingNostrilNononoCat-vzXAxcSRcnWMg1pK/edit ~ (inc:826, avg:426.99, diff:1.93)
2022-04-06 23:02:52,025 - xqcow | https://clips.twitch.tv/IcyBraveSoymilkCclamChamp-XKNRPuGvsBxHHdWQ/edit ~ (inc:541, avg:268.64, diff:2.01)
2022-04-06 23:30:34,495 - boxbox | https://clips.twitch.tv/WimpyTangibleKiwiMingLee-rq_XRQrNqfLGMbIm/edit ~ (inc:14, avg:6.1, diff:2.29)
2022-04-06 23:32:35,842 - boxbox | https://clips.twitch.tv/InquisitiveSpunkyOwlDancingBanana-UROx5u-ET7tFFF15/edit ~ (inc:22, avg:9.84, diff:2.24)
2022-04-06 23:33:13,885 - boxbox | https://clips.twitch.tv/GrossCreativeMageKeepo-rnwbysU7mJsPn9Kb/edit ~ (inc:56, avg:20.87, diff:2.68)
2022-04-06 23:42:49,723 - boxbox | https://clips.twitch.tv/TentativeAltruisticClintTakeNRG-_7Ce3XwmTxHJW197/edit ~ (inc:14, avg:7.25, diff:1.93)
2022-04-06 23:44:41,668 - boxbox | https://clips.twitch.tv/HilariousPlayfulPeppermintHoneyBadger-HPkHRkWLBOuUNZHy/edit ~ (inc:16, avg:7.79, diff:2.05)
2022-04-06 23:51:44,951 - boxbox | https://clips.twitch.tv/WittyBoldClamSwiftRage-LfBu1LyIqf4WRbhs/edit ~ (inc:12, avg:5.02, diff:2.39)
2022-04-06 23:58:22,655 - boxbox | https://clips.twitch.tv/CuriousColorfulReindeerOhMyDog-txHqzxMnsm5rTN7n/edit ~ (inc:13, avg:6.48, diff:2.0)
2022-04-07 00:00:29,076 - boxbox | https://clips.twitch.tv/RealCrazyMonitorCmonBruh-J95zQME4zMZU73LO/edit ~ (inc:18, avg:9.3, diff:1.93)
2022-04-07 00:03:12,408 - boxbox | https://clips.twitch.tv/WanderingShakingAyeayeTheTarFu-1nr4yc6awJuUKUQn/edit ~ (inc:31, avg:15.53, diff:2.0)
